This is pdfTeX, Version 3.141592653-2.6-1.40.26 (TeX Live 2024) (preloaded format=pdflatex 2024.12.21)  24 DEC 2024 22:15
entering extended mode
 restricted \write18 enabled.
 file:line:error style messages enabled.
 %&-line parsing enabled.
**c:/Users/juyip/Desktop/current/‰∏≠ÂøÉÊûÅÈôêÂÆöÁêÜ/Central-Limit-Theorem/paper/‰∏≠ÂøÉÊûÅÈôêÂÆöÁêÜ.tex
(c:/Users/juyip/Desktop/current/‰∏≠ÂøÉÊûÅÈôêÂÆöÁêÜ/Central-Limit-Theorem/paper/‰∏≠ÂøÉÊûÅÈôêÂÆöÁêÜ.tex
LaTeX2e <2024-11-01> patch level 1
L3 programming layer <2024-11-02>
(c:/texlive/2024/texmf-dist/tex/latex/base/article.cls
Document Class: article 2024/06/29 v1.4n Standard LaTeX document class
(c:/texlive/2024/texmf-dist/tex/latex/base/size10.clo
File: size10.clo 2024/06/29 v1.4n Standard LaTeX file (size option)
)
\c@part=\count196
\c@section=\count197
\c@subsection=\count198
\c@subsubsection=\count199
\c@paragraph=\count266
\c@subparagraph=\count267
\c@figure=\count268
\c@table=\count269
\abovecaptionskip=\skip49
\belowcaptionskip=\skip50
\bibindent=\dimen141
) (c:/texlive/2024/texmf-dist/tex/latex/graphics/graphicx.sty
Package: graphicx 2021/09/16 v1.2d Enhanced LaTeX Graphics (DPC,SPQR)
 (c:/texlive/2024/texmf-dist/tex/latex/graphics/keyval.sty
Package: keyval 2022/05/29 v1.15 key=value parser (DPC)
\KV@toks@=\toks17
) (c:/texlive/2024/texmf-dist/tex/latex/graphics/graphics.sty
Package: graphics 2024/08/06 v1.4g Standard LaTeX Graphics (DPC,SPQR)
 (c:/texlive/2024/texmf-dist/tex/latex/graphics/trig.sty
Package: trig 2023/12/02 v1.11 sin cos tan (DPC)
) (c:/texlive/2024/texmf-dist/tex/latex/graphics-cfg/graphics.cfg
File: graphics.cfg 2016/06/04 v1.11 sample graphics configuration
)
Package graphics Info: Driver file: pdftex.def on input line 106.
 (c:/texlive/2024/texmf-dist/tex/latex/graphics-def/pdftex.def
File: pdftex.def 2024/04/13 v1.2c Graphics/color driver for pdftex
))
\Gin@req@height=\dimen142
\Gin@req@width=\dimen143
) (c:/texlive/2024/texmf-dist/tex/latex/ctex/ctex.sty (c:/texlive/2024/texmf-dist/tex/latex/l3kernel/expl3.sty
Package: expl3 2024-11-02 L3 programming layer (loader) 
 (c:/texlive/2024/texmf-dist/tex/latex/l3backend/l3backend-pdftex.def
File: l3backend-pdftex.def 2024-05-08 L3 backend support: PDF output (pdfTeX)
\l__color_backend_stack_int=\count270
\l__pdf_internal_box=\box52
))
Package: ctex 2022/07/14 v2.5.10 Chinese adapter in LaTeX (CTEX)
 (c:/texlive/2024/texmf-dist/tex/latex/ctex/ctexhook.sty
Package: ctexhook 2022/07/14 v2.5.10 Document and package hooks (CTEX)
) (c:/texlive/2024/texmf-dist/tex/latex/ctex/ctexpatch.sty
Package: ctexpatch 2022/07/14 v2.5.10 Patching commands (CTEX)
) (c:/texlive/2024/texmf-dist/tex/latex/base/fix-cm.sty
Package: fix-cm 2020/11/24 v1.1t fixes to LaTeX
 (c:/texlive/2024/texmf-dist/tex/latex/base/ts1enc.def
File: ts1enc.def 2001/06/05 v3.0e (jk/car/fm) Standard LaTeX file
LaTeX Font Info:    Redeclaring font encoding TS1 on input line 47.
))
\l__ctex_tmp_int=\count271
\l__ctex_tmp_box=\box53
\l__ctex_tmp_dim=\dimen144
\g__ctex_section_depth_int=\count272
\g__ctex_font_size_int=\count273
 (c:/texlive/2024/texmf-dist/tex/latex/ctex/config/ctexopts.cfg
File: ctexopts.cfg 2022/07/14 v2.5.10 Option configuration file (CTEX)
)

Package ctex Warning: UTF8 will be used as the default encoding.

(c:/texlive/2024/texmf-dist/tex/latex/ctex/engine/ctex-engine-pdftex.def
File: ctex-engine-pdftex.def 2022/07/14 v2.5.10 (pdf)LaTeX adapter (CTEX)
 (c:/texlive/2024/texmf-dist/tex/latex/cjk/texinput/CJKutf8.sty
Package: CJKutf8 2021/10/16 4.8.5
 (c:/texlive/2024/texmf-dist/tex/generic/iftex/ifpdf.sty
Package: ifpdf 2019/10/25 v3.4 ifpdf legacy package. Use iftex instead.
 (c:/texlive/2024/texmf-dist/tex/generic/iftex/iftex.sty
Package: iftex 2024/12/12 v1.0g TeX engine tests
)) (c:/texlive/2024/texmf-dist/tex/latex/base/inputenc.sty
Package: inputenc 2024/02/08 v1.3d Input encoding file
\inpenc@prehook=\toks18
\inpenc@posthook=\toks19
) (c:/texlive/2024/texmf-dist/tex/latex/cjk/texinput/CJK.sty
Package: CJK 2021/10/16 4.8.5
 (c:/texlive/2024/texmf-dist/tex/latex/cjk/texinput/mule/MULEenc.sty
Package: MULEenc 2021/10/16 4.8.5
) (c:/texlive/2024/texmf-dist/tex/latex/cjk/texinput/CJK.enc
File: CJK.enc 2021/10/16 4.8.5
Now handling font encoding C00 ...
... no UTF-8 mapping file for font encoding C00
Now handling font encoding C05 ...
... no UTF-8 mapping file for font encoding C05
Now handling font encoding C09 ...
... no UTF-8 mapping file for font encoding C09
Now handling font encoding C10 ...
... no UTF-8 mapping file for font encoding C10
Now handling font encoding C20 ...
... no UTF-8 mapping file for font encoding C20
Now handling font encoding C19 ...
... no UTF-8 mapping file for font encoding C19
Now handling font encoding C40 ...
... no UTF-8 mapping file for font encoding C40
Now handling font encoding C42 ...
... no UTF-8 mapping file for font encoding C42
Now handling font encoding C43 ...
... no UTF-8 mapping file for font encoding C43
Now handling font encoding C50 ...
... no UTF-8 mapping file for font encoding C50
Now handling font encoding C52 ...
... no UTF-8 mapping file for font encoding C52
Now handling font encoding C49 ...
... no UTF-8 mapping file for font encoding C49
Now handling font encoding C60 ...
... no UTF-8 mapping file for font encoding C60
Now handling font encoding C61 ...
... no UTF-8 mapping file for font encoding C61
Now handling font encoding C63 ...
... no UTF-8 mapping file for font encoding C63
Now handling font encoding C64 ...
... no UTF-8 mapping file for font encoding C64
Now handling font encoding C65 ...
... no UTF-8 mapping file for font encoding C65
Now handling font encoding C70 ...
... no UTF-8 mapping file for font encoding C70
Now handling font encoding C31 ...
... no UTF-8 mapping file for font encoding C31
Now handling font encoding C32 ...
... no UTF-8 mapping file for font encoding C32
Now handling font encoding C33 ...
... no UTF-8 mapping file for font encoding C33
Now handling font encoding C34 ...
... no UTF-8 mapping file for font encoding C34
Now handling font encoding C35 ...
... no UTF-8 mapping file for font encoding C35
Now handling font encoding C36 ...
... no UTF-8 mapping file for font encoding C36
Now handling font encoding C37 ...
... no UTF-8 mapping file for font encoding C37
Now handling font encoding C80 ...
... no UTF-8 mapping file for font encoding C80
Now handling font encoding C81 ...
... no UTF-8 mapping file for font encoding C81
Now handling font encoding C01 ...
... no UTF-8 mapping file for font encoding C01
Now handling font encoding C11 ...
... no UTF-8 mapping file for font encoding C11
Now handling font encoding C21 ...
... no UTF-8 mapping file for font encoding C21
Now handling font encoding C41 ...
... no UTF-8 mapping file for font encoding C41
Now handling font encoding C62 ...
... no UTF-8 mapping file for font encoding C62
)
\CJK@indent=\box54
) (c:/texlive/2024/texmf-dist/tex/latex/base/fontenc.sty
Package: fontenc 2021/04/29 v2.0v Standard LaTeX package
)) (c:/texlive/2024/texmf-dist/tex/latex/cjkpunct/CJKpunct.sty
Package: CJKpunct 2016/05/14 4.8.4
\CJKpunct@cnta=\count274
\CJKpunct@cntb=\count275
\CJKpunct@cntc=\count276
\CJKpunct@cntd=\count277
\CJKpunct@cnte=\count278
   defining Unicode char U+2018 (decimal 8216)
   defining Unicode char U+2019 (decimal 8217)
   defining Unicode char U+201C (decimal 8220)
   defining Unicode char U+201D (decimal 8221)
   defining Unicode char U+2014 (decimal 8212)
   defining Unicode char U+2026 (decimal 8230)
 (c:/texlive/2024/texmf-dist/tex/latex/cjkpunct/CJKpunct.spa)) (c:/texlive/2024/texmf-dist/tex/latex/cjk/texinput/CJKspace.sty
Package: CJKspace 2021/10/16 3.8.0
) (c:/texlive/2024/texmf-dist/tex/latex/cjk/texinput/UTF8/UTF8.bdg
File: UTF8.bdg 2021/10/16 4.8.5
) (c:/texlive/2024/texmf-dist/tex/latex/ctex/ctexspa.def
File: ctexspa.def 2022/07/14 v2.5.10 Space info for CJKpunct (CTEX)
)
\ccwd=\dimen145
\l__ctex_ccglue_skip=\skip51
)
\l__ctex_ziju_dim=\dimen146
 (c:/texlive/2024/texmf-dist/tex/latex/zhnumber/zhnumber.sty
Package: zhnumber 2022/07/14 v3.0 Typesetting numbers with Chinese glyphs
\l__zhnum_scale_int=\count279
\l__zhnum_tmp_int=\count280
 (c:/texlive/2024/texmf-dist/tex/latex/zhnumber/zhnumber-utf8.cfg
File: zhnumber-utf8.cfg 2022/07/14 v3.0 Chinese numerals with UTF8 encoding
)) (c:/texlive/2024/texmf-dist/tex/latex/ctex/scheme/ctex-scheme-chinese.def
File: ctex-scheme-chinese.def 2022/07/14 v2.5.10 Chinese scheme for generic (CTEX)
 (c:/texlive/2024/texmf-dist/tex/latex/ctex/config/ctex-name-utf8.cfg
File: ctex-name-utf8.cfg 2022/07/14 v2.5.10 Caption with encoding UTF-8 (CTEX)
)) (c:/texlive/2024/texmf-dist/tex/latex/tools/indentfirst.sty
Package: indentfirst 2023/07/02 v1.03 Indent first paragraph (DPC)
) (c:/texlive/2024/texmf-dist/tex/latex/ctex/ctex-c5size.clo
File: ctex-c5size.clo 2022/07/14 v2.5.10 c5size option (CTEX)
) (c:/texlive/2024/texmf-dist/tex/latex/ctex/fontset/ctex-fontset-windows.def
File: ctex-fontset-windows.def 2022/07/14 v2.5.10 Windows fonts definition (CTEX)
)) (c:/texlive/2024/texmf-dist/tex/latex/ctex/config/ctex.cfg
File: ctex.cfg 2022/07/14 v2.5.10 Configuration file (CTEX)
) (c:/texlive/2024/texmf-dist/tex/latex/hyperref/hyperref.sty
Package: hyperref 2024-11-05 v7.01l Hypertext links for LaTeX
 (c:/texlive/2024/texmf-dist/tex/latex/kvsetkeys/kvsetkeys.sty
Package: kvsetkeys 2022-10-05 v1.19 Key value parser (HO)
) (c:/texlive/2024/texmf-dist/tex/generic/kvdefinekeys/kvdefinekeys.sty
Package: kvdefinekeys 2019-12-19 v1.6 Define keys (HO)
) (c:/texlive/2024/texmf-dist/tex/generic/pdfescape/pdfescape.sty
Package: pdfescape 2019/12/09 v1.15 Implements pdfTeX's escape features (HO)
 (c:/texlive/2024/texmf-dist/tex/generic/ltxcmds/ltxcmds.sty
Package: ltxcmds 2023-12-04 v1.26 LaTeX kernel commands for general use (HO)
) (c:/texlive/2024/texmf-dist/tex/generic/pdftexcmds/pdftexcmds.sty
Package: pdftexcmds 2020-06-27 v0.33 Utility functions of pdfTeX for LuaTeX (HO)
 (c:/texlive/2024/texmf-dist/tex/generic/infwarerr/infwarerr.sty
Package: infwarerr 2019/12/03 v1.5 Providing info/warning/error messages (HO)
)
Package pdftexcmds Info: \pdf@primitive is available.
Package pdftexcmds Info: \pdf@ifprimitive is available.
Package pdftexcmds Info: \pdfdraftmode found.
)) (c:/texlive/2024/texmf-dist/tex/latex/hycolor/hycolor.sty
Package: hycolor 2020-01-27 v1.10 Color options for hyperref/bookmark (HO)
) (c:/texlive/2024/texmf-dist/tex/latex/hyperref/nameref.sty
Package: nameref 2023-11-26 v2.56 Cross-referencing by name of section
 (c:/texlive/2024/texmf-dist/tex/latex/refcount/refcount.sty
Package: refcount 2019/12/15 v3.6 Data extraction from label references (HO)
) (c:/texlive/2024/texmf-dist/tex/generic/gettitlestring/gettitlestring.sty
Package: gettitlestring 2019/12/15 v1.6 Cleanup title references (HO)
 (c:/texlive/2024/texmf-dist/tex/latex/kvoptions/kvoptions.sty
Package: kvoptions 2022-06-15 v3.15 Key value format for package options (HO)
))
\c@section@level=\count281
) (c:/texlive/2024/texmf-dist/tex/latex/etoolbox/etoolbox.sty
Package: etoolbox 2020/10/05 v2.5k e-TeX tools for LaTeX (JAW)
\etb@tempcnta=\count282
) (c:/texlive/2024/texmf-dist/tex/generic/stringenc/stringenc.sty
Package: stringenc 2019/11/29 v1.12 Convert strings between diff. encodings (HO)
)
\@linkdim=\dimen147
\Hy@linkcounter=\count283
\Hy@pagecounter=\count284
 (c:/texlive/2024/texmf-dist/tex/latex/hyperref/pd1enc.def
File: pd1enc.def 2024-11-05 v7.01l Hyperref: PDFDocEncoding definition (HO)
Now handling font encoding PD1 ...
... no UTF-8 mapping file for font encoding PD1
) (c:/texlive/2024/texmf-dist/tex/generic/intcalc/intcalc.sty
Package: intcalc 2019/12/15 v1.3 Expandable calculations with integers (HO)
)
\Hy@SavedSpaceFactor=\count285
 (c:/texlive/2024/texmf-dist/tex/latex/hyperref/puenc.def
File: puenc.def 2024-11-05 v7.01l Hyperref: PDF Unicode definition (HO)
Now handling font encoding PU ...
... no UTF-8 mapping file for font encoding PU
)
Package hyperref Info: Option `unicode' set `true' on input line 4040.
Package hyperref Info: Hyper figures OFF on input line 4157.
Package hyperref Info: Link nesting OFF on input line 4162.
Package hyperref Info: Hyper index ON on input line 4165.
Package hyperref Info: Plain pages OFF on input line 4172.
Package hyperref Info: Backreferencing OFF on input line 4177.
Package hyperref Info: Implicit mode ON; LaTeX internals redefined.
Package hyperref Info: Bookmarks ON on input line 4424.
\c@Hy@tempcnt=\count286
 (c:/texlive/2024/texmf-dist/tex/latex/url/url.sty
\Urlmuskip=\muskip17
Package: url 2013/09/16  ver 3.4  Verb mode for urls, etc.
)
LaTeX Info: Redefining \url on input line 4763.
\XeTeXLinkMargin=\dimen148
 (c:/texlive/2024/texmf-dist/tex/generic/bitset/bitset.sty
Package: bitset 2019/12/09 v1.3 Handle bit-vector datatype (HO)
 (c:/texlive/2024/texmf-dist/tex/generic/bigintcalc/bigintcalc.sty
Package: bigintcalc 2019/12/15 v1.5 Expandable calculations on big integers (HO)
))
\Fld@menulength=\count287
\Field@Width=\dimen149
\Fld@charsize=\dimen150
Package hyperref Info: Hyper figures OFF on input line 6042.
Package hyperref Info: Link nesting OFF on input line 6047.
Package hyperref Info: Hyper index ON on input line 6050.
Package hyperref Info: backreferencing OFF on input line 6057.
Package hyperref Info: Link coloring OFF on input line 6062.
Package hyperref Info: Link coloring with OCG OFF on input line 6067.
Package hyperref Info: PDF/A mode OFF on input line 6072.
 (c:/texlive/2024/texmf-dist/tex/latex/base/atbegshi-ltx.sty
Package: atbegshi-ltx 2021/01/10 v1.0c Emulation of the original atbegshi
package with kernel methods
)
\Hy@abspage=\count288
\c@Item=\count289
\c@Hfootnote=\count290
)
Package hyperref Info: Driver (autodetected): hpdftex.
 (c:/texlive/2024/texmf-dist/tex/latex/hyperref/hpdftex.def
File: hpdftex.def 2024-11-05 v7.01l Hyperref driver for pdfTeX
 (c:/texlive/2024/texmf-dist/tex/latex/base/atveryend-ltx.sty
Package: atveryend-ltx 2020/08/19 v1.0a Emulation of the original atveryend package
with kernel methods
)
\Fld@listcount=\count291
\c@bookmark@seq@number=\count292
 (c:/texlive/2024/texmf-dist/tex/latex/rerunfilecheck/rerunfilecheck.sty
Package: rerunfilecheck 2022-07-10 v1.10 Rerun checks for auxiliary files (HO)
 (c:/texlive/2024/texmf-dist/tex/generic/uniquecounter/uniquecounter.sty
Package: uniquecounter 2019/12/15 v1.4 Provide unlimited unique counter (HO)
)
Package uniquecounter Info: New unique counter `rerunfilecheck' on input line 285.
)
\Hy@SectionHShift=\skip52
) (c:/texlive/2024/texmf-dist/tex/latex/float/float.sty
Package: float 2001/11/08 v1.3d Float enhancements (AL)
\c@float@type=\count293
\float@exts=\toks20
\float@box=\box55
\@float@everytoks=\toks21
\@floatcapt=\box56
) (c:/texlive/2024/texmf-dist/tex/latex/subfigure/subfigure.sty
Package: subfigure 2002/03/15 v2.1.5 subfigure package
\subfigtopskip=\skip53
\subfigcapskip=\skip54
\subfigcaptopadj=\dimen151
\subfigbottomskip=\skip55
\subfigcapmargin=\dimen152
\subfiglabelskip=\skip56
\c@subfigure=\count294
\c@lofdepth=\count295
\c@subtable=\count296
\c@lotdepth=\count297

****************************************
* Local config file subfigure.cfg used *
****************************************
(c:/texlive/2024/texmf-dist/tex/latex/subfigure/subfigure.cfg)
\subfig@top=\skip57
\subfig@bottom=\skip58
) (c:/texlive/2024/texmf-dist/tex/latex/amsmath/amsmath.sty
Package: amsmath 2024/11/05 v2.17t AMS math features
\@mathmargin=\skip59

For additional information on amsmath, use the `?' option.
(c:/texlive/2024/texmf-dist/tex/latex/amsmath/amstext.sty
Package: amstext 2021/08/26 v2.01 AMS text
 (c:/texlive/2024/texmf-dist/tex/latex/amsmath/amsgen.sty
File: amsgen.sty 1999/11/30 v2.0 generic functions
\@emptytoks=\toks22
\ex@=\dimen153
)) (c:/texlive/2024/texmf-dist/tex/latex/amsmath/amsbsy.sty
Package: amsbsy 1999/11/29 v1.2d Bold Symbols
\pmbraise@=\dimen154
) (c:/texlive/2024/texmf-dist/tex/latex/amsmath/amsopn.sty
Package: amsopn 2022/04/08 v2.04 operator names
)
\inf@bad=\count298
LaTeX Info: Redefining \frac on input line 233.
\uproot@=\count299
\leftroot@=\count300
LaTeX Info: Redefining \overline on input line 398.
LaTeX Info: Redefining \colon on input line 409.
\classnum@=\count301
\DOTSCASE@=\count302
LaTeX Info: Redefining \ldots on input line 495.
LaTeX Info: Redefining \dots on input line 498.
LaTeX Info: Redefining \cdots on input line 619.
\Mathstrutbox@=\box57
\strutbox@=\box58
LaTeX Info: Redefining \big on input line 721.
LaTeX Info: Redefining \Big on input line 722.
LaTeX Info: Redefining \bigg on input line 723.
LaTeX Info: Redefining \Bigg on input line 724.
\big@size=\dimen155
LaTeX Font Info:    Redeclaring font encoding OML on input line 742.
LaTeX Font Info:    Redeclaring font encoding OMS on input line 743.
\macc@depth=\count303
LaTeX Info: Redefining \bmod on input line 904.
LaTeX Info: Redefining \pmod on input line 909.
LaTeX Info: Redefining \smash on input line 939.
LaTeX Info: Redefining \relbar on input line 969.
LaTeX Info: Redefining \Relbar on input line 970.
\c@MaxMatrixCols=\count304
\dotsspace@=\muskip18
\c@parentequation=\count305
\dspbrk@lvl=\count306
\tag@help=\toks23
\row@=\count307
\column@=\count308
\maxfields@=\count309
\andhelp@=\toks24
\eqnshift@=\dimen156
\alignsep@=\dimen157
\tagshift@=\dimen158
\tagwidth@=\dimen159
\totwidth@=\dimen160
\lineht@=\dimen161
\@envbody=\toks25
\multlinegap=\skip60
\multlinetaggap=\skip61
\mathdisplay@stack=\toks26
LaTeX Info: Redefining \[ on input line 2953.
LaTeX Info: Redefining \] on input line 2954.
) (c:/texlive/2024/texmf-dist/tex/latex/natbib/natbib.sty
Package: natbib 2010/09/13 8.31b (PWD, AO)
\bibhang=\skip62
\bibsep=\skip63
LaTeX Info: Redefining \cite on input line 694.
\c@NAT@ctr=\count310
) (c:/texlive/2024/texmf-dist/tex/latex/cjk/texinput/UTF8/UTF8.enc
File: UTF8.enc 2021/10/16 4.8.5
) (c:/texlive/2024/texmf-dist/tex/latex/cjk/texinput/UTF8/UTF8.chr
File: UTF8.chr 2021/10/16 4.8.5
) (./‰∏≠ÂøÉÊûÅÈôêÂÆöÁêÜ.aux)
\openout1 = `‰∏≠ÂøÉÊûÅÈôêÂÆöÁêÜ.aux'.

LaTeX Font Info:    Checking defaults for OML/cmm/m/it on input line 12.
LaTeX Font Info:    ... okay on input line 12.
LaTeX Font Info:    Checking defaults for OMS/cmsy/m/n on input line 12.
LaTeX Font Info:    ... okay on input line 12.
LaTeX Font Info:    Checking defaults for OT1/cmr/m/n on input line 12.
LaTeX Font Info:    ... okay on input line 12.
LaTeX Font Info:    Checking defaults for T1/cmr/m/n on input line 12.
LaTeX Font Info:    ... okay on input line 12.
LaTeX Font Info:    Checking defaults for TS1/cmr/m/n on input line 12.
LaTeX Font Info:    ... okay on input line 12.
LaTeX Font Info:    Checking defaults for OMX/cmex/m/n on input line 12.
LaTeX Font Info:    ... okay on input line 12.
LaTeX Font Info:    Checking defaults for U/cmr/m/n on input line 12.
LaTeX Font Info:    ... okay on input line 12.
LaTeX Font Info:    Checking defaults for C00/song/m/n on input line 12.
LaTeX Font Info:    ... okay on input line 12.
LaTeX Font Info:    Checking defaults for C05/song/m/n on input line 12.
LaTeX Font Info:    ... okay on input line 12.
LaTeX Font Info:    Checking defaults for C09/song/m/n on input line 12.
LaTeX Font Info:    ... okay on input line 12.
LaTeX Font Info:    Checking defaults for C10/song/m/n on input line 12.
LaTeX Font Info:    ... okay on input line 12.
LaTeX Font Info:    Checking defaults for C20/song/m/n on input line 12.
LaTeX Font Info:    ... okay on input line 12.
LaTeX Font Info:    Checking defaults for C19/song/m/n on input line 12.
LaTeX Font Info:    ... okay on input line 12.
LaTeX Font Info:    Checking defaults for C40/song/m/n on input line 12.
LaTeX Font Info:    ... okay on input line 12.
LaTeX Font Info:    Checking defaults for C42/song/m/n on input line 12.
LaTeX Font Info:    ... okay on input line 12.
LaTeX Font Info:    Checking defaults for C43/song/m/n on input line 12.
LaTeX Font Info:    ... okay on input line 12.
LaTeX Font Info:    Checking defaults for C50/song/m/n on input line 12.
LaTeX Font Info:    ... okay on input line 12.
LaTeX Font Info:    Checking defaults for C52/song/m/n on input line 12.
LaTeX Font Info:    ... okay on input line 12.
LaTeX Font Info:    Checking defaults for C49/song/m/n on input line 12.
LaTeX Font Info:    ... okay on input line 12.
LaTeX Font Info:    Checking defaults for C60/mj/m/n on input line 12.
LaTeX Font Info:    ... okay on input line 12.
LaTeX Font Info:    Checking defaults for C61/mj/m/n on input line 12.
LaTeX Font Info:    ... okay on input line 12.
LaTeX Font Info:    Checking defaults for C63/mj/m/n on input line 12.
LaTeX Font Info:    ... okay on input line 12.
LaTeX Font Info:    Checking defaults for C64/mj/m/n on input line 12.
LaTeX Font Info:    ... okay on input line 12.
LaTeX Font Info:    Checking defaults for C65/mj/m/n on input line 12.
LaTeX Font Info:    ... okay on input line 12.
LaTeX Font Info:    Checking defaults for C70/song/m/n on input line 12.
LaTeX Font Info:    ... okay on input line 12.
LaTeX Font Info:    Checking defaults for C31/song/m/n on input line 12.
LaTeX Font Info:    ... okay on input line 12.
LaTeX Font Info:    Checking defaults for C32/song/m/n on input line 12.
LaTeX Font Info:    ... okay on input line 12.
LaTeX Font Info:    Checking defaults for C33/song/m/n on input line 12.
LaTeX Font Info:    ... okay on input line 12.
LaTeX Font Info:    Checking defaults for C34/song/m/n on input line 12.
LaTeX Font Info:    ... okay on input line 12.
LaTeX Font Info:    Checking defaults for C35/song/m/n on input line 12.
LaTeX Font Info:    ... okay on input line 12.
LaTeX Font Info:    Checking defaults for C36/song/m/n on input line 12.
LaTeX Font Info:    ... okay on input line 12.
LaTeX Font Info:    Checking defaults for C37/song/m/n on input line 12.
LaTeX Font Info:    ... okay on input line 12.
LaTeX Font Info:    Checking defaults for C80/song/m/n on input line 12.
LaTeX Font Info:    ... okay on input line 12.
LaTeX Font Info:    Checking defaults for C81/song/m/n on input line 12.
LaTeX Font Info:    ... okay on input line 12.
LaTeX Font Info:    Checking defaults for C01/song/m/n on input line 12.
LaTeX Font Info:    ... okay on input line 12.
LaTeX Font Info:    Checking defaults for C11/song/m/n on input line 12.
LaTeX Font Info:    ... okay on input line 12.
LaTeX Font Info:    Checking defaults for C21/song/m/n on input line 12.
LaTeX Font Info:    ... okay on input line 12.
LaTeX Font Info:    Checking defaults for C41/song/m/n on input line 12.
LaTeX Font Info:    ... okay on input line 12.
LaTeX Font Info:    Checking defaults for C62/song/m/n on input line 12.
LaTeX Font Info:    ... okay on input line 12.
LaTeX Font Info:    Checking defaults for PD1/pdf/m/n on input line 12.
LaTeX Font Info:    ... okay on input line 12.
LaTeX Font Info:    Checking defaults for PU/pdf/m/n on input line 12.
LaTeX Font Info:    ... okay on input line 12.
 (c:/texlive/2024/texmf-dist/tex/context/base/mkii/supp-pdf.mkii
[Loading MPS to PDF converter (version 2006.09.02).]
\scratchcounter=\count311
\scratchdimen=\dimen162
\scratchbox=\box59
\nofMPsegments=\count312
\nofMParguments=\count313
\everyMPshowfont=\toks27
\MPscratchCnt=\count314
\MPscratchDim=\dimen163
\MPnumerator=\count315
\makeMPintoPDFobject=\count316
\everyMPtoPDFconversion=\toks28
) (c:/texlive/2024/texmf-dist/tex/latex/epstopdf-pkg/epstopdf-base.sty
Package: epstopdf-base 2020-01-24 v2.11 Base part for package epstopdf
Package epstopdf-base Info: Redefining graphics rule for `.eps' on input line 485.
 (c:/texlive/2024/texmf-dist/tex/latex/latexconfig/epstopdf-sys.cfg
File: epstopdf-sys.cfg 2010/07/13 v1.3 Configuration of (r)epstopdf for TeX Live
))
Package hyperref Info: Link coloring OFF on input line 12.
 (./‰∏≠ÂøÉÊûÅÈôêÂÆöÁêÜ.out) (./‰∏≠ÂøÉÊûÅÈôêÂÆöÁêÜ.out)
\@outlinefile=\write3
\openout3 = `‰∏≠ÂøÉÊûÅÈôêÂÆöÁêÜ.out'.

LaTeX Font Info:    Trying to load font information for C70+rm on input line 15.
 (c:/texlive/2024/texmf-dist/tex/latex/ctex/fd/c70rm.fd
File: c70rm.fd 2022/07/14 v2.5.10 Chinese font definition (CTEX)
)

LaTeX Font Warning: Font shape `OMX/cmex/m/n' in size <10.53937> not available
(Font)              size <10.95> substituted on input line 16.

Package CJKpunct Info: use punctuation spaces for family 'rm' with punctstyle (quanjiao) on input line 16.


(c:/texlive/2024/texmf-dist/tex/generic/ctex/zhmap/ctex-zhmap-windows.tex
File: ctex-zhmap-windows.tex 2022/07/14 v2.5.10 Windows font map loader for pdfTeX and DVIPDFMx (CTEX)
{c:/texlive/2024/texmf-var/fonts/map/pdftex/updmap/pdftex.map}{UGBK.sfd}{Unicode.sfd}) [1

]
Overfull \hbox (14.74367pt too wide) in paragraph at lines 34--35
[]\C70/rm/m/n/10.53937/6b c \C70/rm/m/n/10.53937/60 ^^A \C70/rm/m/n/10.53937/52 ^^F \C70/rm/m/n/10.53937/5e ^^C\OT1/cmr/m/n/10.53937 [[]]|\C70/rm/m/n/10.53937/ff ^^L| \C70/rm/m/n/10.53937/53 » \C70/rm/m/n/10.53937/79  \C70/rm/m/n/10.53937/9a ÿ \C70/rm/m/n/10.53937/65 Ø \C70/rm/m/n/10.53937/52 ^^F \C70/rm/m/n/10.53937/5e ^^C \C70/rm/m/n/10.53937/62 ^^V \C70/rm/m/n/10.53937/5e 8 \C70/rm/m/n/10.53937/60 ^^A \C70/rm/m/n/10.53937/52 ^^F \C70/rm/m/n/10.53937/5e ^^C|\C70/rm/m/n/10.53937/ff ^^L| \C70/rm/m/n/10.53937/66 / \C70/rm/m/n/10.53937/67 Å \C70/rm/m/n/10.53937/4e : \C70/rm/m/n/10.53937/91 Õ \C70/rm/m/n/10.53937/89 Å \C70/rm/m/n/10.53937/76 Ñ \C70/rm/m/n/10.53937/69 Ç \C70/rm/m/n/10.53937/73 á \C70/rm/m/n/10.53937/52 ^^F \C70/rm/m/n/10.53937/5e ^^C\OT1/cmr/m/n/10.53937 ,\C70/rm/m/n/10.53937/57 (\OT1/cmr/m/n/10.53937 1809\C70/rm/m/n/10.53937/5e t
 []



[2{c:/texlive/2024/texmf-dist/fonts/enc/dvips/cm-super/cm-super-ts1.enc}]

[3]
<../pictures/resfigure_E(0.1)_size1.pdf, id=252, 462.52798pt x 346.89601pt>
File: ../pictures/resfigure_E(0.1)_size1.pdf Graphic file (type pdf)
<use ../pictures/resfigure_E(0.1)_size1.pdf>
Package pdftex.def Info: ../pictures/resfigure_E(0.1)_size1.pdf  used on input line 120.
(pdftex.def)             Requested size: 155.24895pt x 116.43451pt.
<../pictures/resfigure_E(0.1)_size1000.pdf, id=253, 462.52798pt x 346.89601pt>
File: ../pictures/resfigure_E(0.1)_size1000.pdf Graphic file (type pdf)
<use ../pictures/resfigure_E(0.1)_size1000.pdf>
Package pdftex.def Info: ../pictures/resfigure_E(0.1)_size1000.pdf  used on input line 121.
(pdftex.def)             Requested size: 155.24895pt x 116.43451pt.


LaTeX Warning: `h' float specifier changed to `ht'.



[4]

[5
pdfTeX warning (ext4): destination with the same identifier (name{figure.1}) has been already used, duplicate ignored
<argument> ...shipout:D \box_use:N \l_shipout_box 
                                                  \__shipout_drop_firstpage_...
l.146 
       <../pictures/resfigure_E(0.1)_size1.pdf> <../pictures/resfigure_E(0.1)_size1000.pdf>]
<../pictures/resfigure_U(-sqrt3_sqrt3)_size1.pdf, id=326, 462.52798pt x 346.89601pt>
File: ../pictures/resfigure_U(-sqrt3_sqrt3)_size1.pdf Graphic file (type pdf)
<use ../pictures/resfigure_U(-sqrt3_sqrt3)_size1.pdf>
Package pdftex.def Info: ../pictures/resfigure_U(-sqrt3_sqrt3)_size1.pdf  used on input line 165.
(pdftex.def)             Requested size: 155.24895pt x 116.43451pt.
<../pictures/resfigure_U(-sqrt3_sqrt3)_size2.pdf, id=327, 462.52798pt x 346.89601pt>
File: ../pictures/resfigure_U(-sqrt3_sqrt3)_size2.pdf Graphic file (type pdf)
<use ../pictures/resfigure_U(-sqrt3_sqrt3)_size2.pdf>
Package pdftex.def Info: ../pictures/resfigure_U(-sqrt3_sqrt3)_size2.pdf  used on input line 166.
(pdftex.def)             Requested size: 155.24895pt x 116.43451pt.
<../pictures/resfigure_U(-sqrt3_sqrt3)_size5.pdf, id=328, 462.52798pt x 346.89601pt>
File: ../pictures/resfigure_U(-sqrt3_sqrt3)_size5.pdf Graphic file (type pdf)
<use ../pictures/resfigure_U(-sqrt3_sqrt3)_size5.pdf>
Package pdftex.def Info: ../pictures/resfigure_U(-sqrt3_sqrt3)_size5.pdf  used on input line 167.
(pdftex.def)             Requested size: 155.24895pt x 116.43451pt.
<../pictures/resfigure_U(-sqrt3_sqrt3)_size10.pdf, id=329, 462.52798pt x 346.89601pt>
File: ../pictures/resfigure_U(-sqrt3_sqrt3)_size10.pdf Graphic file (type pdf)
<use ../pictures/resfigure_U(-sqrt3_sqrt3)_size10.pdf>
Package pdftex.def Info: ../pictures/resfigure_U(-sqrt3_sqrt3)_size10.pdf  used on input line 168.
(pdftex.def)             Requested size: 155.24895pt x 116.43451pt.
<../pictures/resfigure_U(-sqrt3_sqrt3)_size100.pdf, id=330, 462.52798pt x 346.89601pt>
File: ../pictures/resfigure_U(-sqrt3_sqrt3)_size100.pdf Graphic file (type pdf)
<use ../pictures/resfigure_U(-sqrt3_sqrt3)_size100.pdf>
Package pdftex.def Info: ../pictures/resfigure_U(-sqrt3_sqrt3)_size100.pdf  used on input line 169.
(pdftex.def)             Requested size: 155.24895pt x 116.43451pt.
<../pictures/resfigure_U(-sqrt3_sqrt3)_size1000.pdf, id=331, 462.52798pt x 346.89601pt>
File: ../pictures/resfigure_U(-sqrt3_sqrt3)_size1000.pdf Graphic file (type pdf)
<use ../pictures/resfigure_U(-sqrt3_sqrt3)_size1000.pdf>
Package pdftex.def Info: ../pictures/resfigure_U(-sqrt3_sqrt3)_size1000.pdf  used on input line 170.
(pdftex.def)             Requested size: 155.24895pt x 116.43451pt.

Underfull \hbox (badness 10000) in paragraph at lines 165--171
[][] [][]
 []


Underfull \hbox (badness 10000) in paragraph at lines 165--171
[][] [][]
 []


LaTeX Warning: `h' float specifier changed to `ht'.

<../pictures/resfigure_B(100_0.3)_size1.pdf, id=333, 462.52798pt x 346.89601pt>
File: ../pictures/resfigure_B(100_0.3)_size1.pdf Graphic file (type pdf)
<use ../pictures/resfigure_B(100_0.3)_size1.pdf>
Package pdftex.def Info: ../pictures/resfigure_B(100_0.3)_size1.pdf  used on input line 185.
(pdftex.def)             Requested size: 155.24895pt x 116.43451pt.
<../pictures/resfigure_B(100_0.3)_size2.pdf, id=334, 462.52798pt x 346.89601pt>
File: ../pictures/resfigure_B(100_0.3)_size2.pdf Graphic file (type pdf)
<use ../pictures/resfigure_B(100_0.3)_size2.pdf>
Package pdftex.def Info: ../pictures/resfigure_B(100_0.3)_size2.pdf  used on input line 186.
(pdftex.def)             Requested size: 155.24895pt x 116.43451pt.
<../pictures/resfigure_B(100_0.3)_size5.pdf, id=335, 462.52798pt x 346.89601pt>
File: ../pictures/resfigure_B(100_0.3)_size5.pdf Graphic file (type pdf)
<use ../pictures/resfigure_B(100_0.3)_size5.pdf>
Package pdftex.def Info: ../pictures/resfigure_B(100_0.3)_size5.pdf  used on input line 187.
(pdftex.def)             Requested size: 155.24895pt x 116.43451pt.
<../pictures/resfigure_B(100_0.3)_size10.pdf, id=336, 462.52798pt x 346.89601pt>
File: ../pictures/resfigure_B(100_0.3)_size10.pdf Graphic file (type pdf)
<use ../pictures/resfigure_B(100_0.3)_size10.pdf>
Package pdftex.def Info: ../pictures/resfigure_B(100_0.3)_size10.pdf  used on input line 188.
(pdftex.def)             Requested size: 155.24895pt x 116.43451pt.
<../pictures/resfigure_B(100_0.3)_size100.pdf, id=337, 462.52798pt x 346.89601pt>
File: ../pictures/resfigure_B(100_0.3)_size100.pdf Graphic file (type pdf)
<use ../pictures/resfigure_B(100_0.3)_size100.pdf>
Package pdftex.def Info: ../pictures/resfigure_B(100_0.3)_size100.pdf  used on input line 189.
(pdftex.def)             Requested size: 155.24895pt x 116.43451pt.
<../pictures/resfigure_B(100_0.3)_size1000.pdf, id=338, 462.52798pt x 346.89601pt>
File: ../pictures/resfigure_B(100_0.3)_size1000.pdf Graphic file (type pdf)
<use ../pictures/resfigure_B(100_0.3)_size1000.pdf>
Package pdftex.def Info: ../pictures/resfigure_B(100_0.3)_size1000.pdf  used on input line 190.
(pdftex.def)             Requested size: 155.24895pt x 116.43451pt.

Underfull \hbox (badness 10000) in paragraph at lines 185--191
[][] [][]
 []


Underfull \hbox (badness 10000) in paragraph at lines 185--191
[][] [][]
 []


LaTeX Warning: `h' float specifier changed to `ht'.



[6]
<../pictures/resfigure_P(5)_size1.pdf, id=349, 462.52798pt x 346.89601pt>
File: ../pictures/resfigure_P(5)_size1.pdf Graphic file (type pdf)
<use ../pictures/resfigure_P(5)_size1.pdf>
Package pdftex.def Info: ../pictures/resfigure_P(5)_size1.pdf  used on input line 205.
(pdftex.def)             Requested size: 155.24895pt x 116.43451pt.
<../pictures/resfigure_P(5)_size2.pdf, id=350, 462.52798pt x 346.89601pt>
File: ../pictures/resfigure_P(5)_size2.pdf Graphic file (type pdf)
<use ../pictures/resfigure_P(5)_size2.pdf>
Package pdftex.def Info: ../pictures/resfigure_P(5)_size2.pdf  used on input line 206.
(pdftex.def)             Requested size: 155.24895pt x 116.43451pt.
<../pictures/resfigure_P(5)_size5.pdf, id=351, 462.52798pt x 346.89601pt>
File: ../pictures/resfigure_P(5)_size5.pdf Graphic file (type pdf)
<use ../pictures/resfigure_P(5)_size5.pdf>
Package pdftex.def Info: ../pictures/resfigure_P(5)_size5.pdf  used on input line 207.
(pdftex.def)             Requested size: 155.24895pt x 116.43451pt.
<../pictures/resfigure_P(5)_size10.pdf, id=352, 462.52798pt x 346.89601pt>
File: ../pictures/resfigure_P(5)_size10.pdf Graphic file (type pdf)
<use ../pictures/resfigure_P(5)_size10.pdf>
Package pdftex.def Info: ../pictures/resfigure_P(5)_size10.pdf  used on input line 208.
(pdftex.def)             Requested size: 155.24895pt x 116.43451pt.
<../pictures/resfigure_P(5)_size100.pdf, id=353, 462.52798pt x 346.89601pt>
File: ../pictures/resfigure_P(5)_size100.pdf Graphic file (type pdf)
<use ../pictures/resfigure_P(5)_size100.pdf>
Package pdftex.def Info: ../pictures/resfigure_P(5)_size100.pdf  used on input line 209.
(pdftex.def)             Requested size: 155.24895pt x 116.43451pt.
<../pictures/resfigure_P(5)_size1000.pdf, id=354, 462.52798pt x 346.89601pt>
File: ../pictures/resfigure_P(5)_size1000.pdf Graphic file (type pdf)
<use ../pictures/resfigure_P(5)_size1000.pdf>
Package pdftex.def Info: ../pictures/resfigure_P(5)_size1000.pdf  used on input line 210.
(pdftex.def)             Requested size: 155.24895pt x 116.43451pt.

Underfull \hbox (badness 10000) in paragraph at lines 205--211
[][] [][]
 []


Underfull \hbox (badness 10000) in paragraph at lines 205--211
[][] [][]
 []


LaTeX Warning: `h' float specifier changed to `ht'.

File: ../pictures/resfigure_E(0.1)_size1.pdf Graphic file (type pdf)
<use ../pictures/resfigure_E(0.1)_size1.pdf>
Package pdftex.def Info: ../pictures/resfigure_E(0.1)_size1.pdf  used on input line 224.
(pdftex.def)             Requested size: 155.24895pt x 116.43451pt.
<../pictures/resfigure_E(0.1)_size2.pdf, id=356, 462.52798pt x 346.89601pt>
File: ../pictures/resfigure_E(0.1)_size2.pdf Graphic file (type pdf)
<use ../pictures/resfigure_E(0.1)_size2.pdf>
Package pdftex.def Info: ../pictures/resfigure_E(0.1)_size2.pdf  used on input line 225.
(pdftex.def)             Requested size: 155.24895pt x 116.43451pt.
<../pictures/resfigure_E(0.1)_size5.pdf, id=357, 462.52798pt x 346.89601pt>
File: ../pictures/resfigure_E(0.1)_size5.pdf Graphic file (type pdf)
<use ../pictures/resfigure_E(0.1)_size5.pdf>
Package pdftex.def Info: ../pictures/resfigure_E(0.1)_size5.pdf  used on input line 226.
(pdftex.def)             Requested size: 155.24895pt x 116.43451pt.
<../pictures/resfigure_E(0.1)_size10.pdf, id=358, 462.52798pt x 346.89601pt>
File: ../pictures/resfigure_E(0.1)_size10.pdf Graphic file (type pdf)
<use ../pictures/resfigure_E(0.1)_size10.pdf>
Package pdftex.def Info: ../pictures/resfigure_E(0.1)_size10.pdf  used on input line 227.
(pdftex.def)             Requested size: 155.24895pt x 116.43451pt.
<../pictures/resfigure_E(0.1)_size100.pdf, id=359, 462.52798pt x 346.89601pt>
File: ../pictures/resfigure_E(0.1)_size100.pdf Graphic file (type pdf)
<use ../pictures/resfigure_E(0.1)_size100.pdf>
Package pdftex.def Info: ../pictures/resfigure_E(0.1)_size100.pdf  used on input line 228.
(pdftex.def)             Requested size: 155.24895pt x 116.43451pt.
File: ../pictures/resfigure_E(0.1)_size1000.pdf Graphic file (type pdf)
<use ../pictures/resfigure_E(0.1)_size1000.pdf>
Package pdftex.def Info: ../pictures/resfigure_E(0.1)_size1000.pdf  used on input line 229.
(pdftex.def)             Requested size: 155.24895pt x 116.43451pt.

Underfull \hbox (badness 10000) in paragraph at lines 224--230
[][] [][]
 []


Underfull \hbox (badness 10000) in paragraph at lines 224--230
[][] [][]
 []


LaTeX Warning: `h' float specifier changed to `ht'.

<../data/lossLines.pdf, id=361, 462.52798pt x 346.89601pt>
File: ../data/lossLines.pdf Graphic file (type pdf)
<use ../data/lossLines.pdf>
Package pdftex.def Info: ../data/lossLines.pdf  used on input line 242.
(pdftex.def)             Requested size: 345.0pt x 258.76337pt.

LaTeX Warning: `h' float specifier changed to `ht'.

(./‰∏≠ÂøÉÊûÅÈôêÂÆöÁêÜ.bbl

[7])

[8]

[9
pdfTeX warning (ext4): destination with the same identifier (name{figure.2}) has been already used, duplicate ignored
<argument> ...shipout:D \box_use:N \l_shipout_box 
                                                  \__shipout_drop_firstpage_...
l.249 \end{document}
                     <../pictures/resfigure_U(-sqrt3_sqrt3)_size1.pdf> <../pictures/resfigure_U(-sqrt3_sqrt3)_size2.pdf> <../pictures/resfigure_U(-sqrt3_sqrt3)_size5.pdf> <../pictures/resfigure_U(-sqrt3_sqrt3)_size10.pdf> <../pictures/resfigure_U(-sqrt3_sqrt3)_size100.pdf> <../pictures/resfigure_U(-sqrt3_sqrt3)_size1000.pdf>]

[10
pdfTeX warning (ext4): destination with the same identifier (name{figure.3}) has been already used, duplicate ignored
<argument> ...shipout:D \box_use:N \l_shipout_box 
                                                  \__shipout_drop_firstpage_...
l.249 \end{document}
                     <../pictures/resfigure_B(100_0.3)_size1.pdf> <../pictures/resfigure_B(100_0.3)_size2.pdf> <../pictures/resfigure_B(100_0.3)_size5.pdf> <../pictures/resfigure_B(100_0.3)_size10.pdf> <../pictures/resfigure_B(100_0.3)_size100.pdf> <../pictures/resfigure_B(100_0.3)_size1000.pdf>]

[11
pdfTeX warning (ext4): destination with the same identifier (name{figure.4}) has been already used, duplicate ignored
<argument> ...shipout:D \box_use:N \l_shipout_box 
                                                  \__shipout_drop_firstpage_...
l.249 \end{document}
                     <../pictures/resfigure_P(5)_size1.pdf> <../pictures/resfigure_P(5)_size2.pdf> <../pictures/resfigure_P(5)_size5.pdf> <../pictures/resfigure_P(5)_size10.pdf> <../pictures/resfigure_P(5)_size100.pdf> <../pictures/resfigure_P(5)_size1000.pdf>]

[12
pdfTeX warning (ext4): destination with the same identifier (name{figure.5}) has been already used, duplicate ignored
<argument> ...shipout:D \box_use:N \l_shipout_box 
                                                  \__shipout_drop_firstpage_...
l.249 \end{document}
                     <../pictures/resfigure_E(0.1)_size2.pdf> <../pictures/resfigure_E(0.1)_size5.pdf> <../pictures/resfigure_E(0.1)_size10.pdf> <../pictures/resfigure_E(0.1)_size100.pdf>]

[13
pdfTeX warning (ext4): destination with the same identifier (name{figure.6}) has been already used, duplicate ignored
<argument> ...shipout:D \box_use:N \l_shipout_box 
                                                  \__shipout_drop_firstpage_...
l.249 \end{document}
                     <../data/lossLines.pdf>] (./‰∏≠ÂøÉÊûÅÈôêÂÆöÁêÜ.aux)
 ***********
LaTeX2e <2024-11-01> patch level 1
L3 programming layer <2022/07/14>
 ***********


LaTeX Font Warning: Size substitutions with differences
(Font)              up to 0.41063pt have occurred.

Package rerunfilecheck Info: File `‰∏≠ÂøÉÊûÅÈôêÂÆöÁêÜ.out' has not changed.
(rerunfilecheck)             Checksum: 88BF4769A2E26383503B705F0C18DCCC;2010.
 ) 
Here is how much of TeX's memory you used:
 14377 strings out of 473330
 243715 string characters out of 5723877
 636338 words of memory out of 5000000
 36971 multiletter control sequences out of 15000+600000
 609274 words of font info for 221 fonts, out of 8000000 for 9000
 1141 hyphenation exceptions out of 8191
 80i,9n,88p,1050b,572s stack positions out of 10000i,1000n,20000p,200000b,200000s
<c:/Windows/Fonts/simhei.ttf><c:/Windows/Fonts/simhei.ttf><c:/Windows/Fonts/simhei.ttf><c:/Windows/Fonts/simhei.ttf><c:/Windows/Fonts/simhei.ttf><c:/Windows/Fonts/simsun.ttc><c:/Windows/Fonts/simhei.ttf><c:/Windows/Fonts/simhei.ttf><c:/Windows/Fonts/simsun.ttc><c:/Windows/Fonts/simhei.ttf><c:/Windows/Fonts/simhei.ttf><c:/Windows/Fonts/simhei.ttf><c:/Windows/Fonts/simhei.ttf><c:/Windows/Fonts/simhei.ttf><c:/Windows/Fonts/simhei.ttf><c:/Windows/Fonts/simhei.ttf><c:/Windows/Fonts/simhei.ttf><c:/Windows/Fonts/simhei.ttf><c:/Windows/Fonts/simhei.ttf><c:/Windows/Fonts/simsun.ttc><c:/Windows/Fonts/simsun.ttc><c:/Windows/Fonts/simsun.ttc><c:/Windows/Fonts/simsun.ttc><c:/Windows/Fonts/simhei.ttf><c:/Windows/Fonts/simhei.ttf><c:/Windows/Fonts/simhei.ttf><c:/Windows/Fonts/simhei.ttf><c:/Windows/Fonts/simhei.ttf><c:/Windows/Fonts/simhei.ttf><c:/Windows/Fonts/simhei.ttf><c:/Windows/Fonts/simhei.ttf><c:/Windows/Fonts/simhei.ttf><c:/Windows/Fonts/simhei.ttf><c:/Windows/Fonts/simhei.ttf><c:/Windows/Fonts/simhei.ttf><c:/Windows/Fonts/simhei.ttf><c:/Windows/Fonts/simhei.ttf><c:/Windows/Fonts/simhei.ttf><c:/Windows/Fonts/simhei.ttf><c:/Windows/Fonts/simsun.ttc><c:/Windows/Fonts/simsun.ttc><c:/Windows/Fonts/simsun.ttc><c:/Windows/Fonts/simsun.ttc><c:/Windows/Fonts/simsun.ttc><c:/Windows/Fonts/simhei.ttf><c:/Windows/Fonts/simhei.ttf><c:/Windows/Fonts/simhei.ttf><c:/Windows/Fonts/simhei.ttf><c:/Windows/Fonts/simsun.ttc><c:/Windows/Fonts/simsun.ttc><c:/Windows/Fonts/simsun.ttc><c:/Windows/Fonts/simsun.ttc><c:/Windows/Fonts/simsun.ttc><c:/Windows/Fonts/simsun.ttc><c:/Windows/Fonts/simsun.ttc><c:/Windows/Fonts/simsun.ttc><c:/Windows/Fonts/simsun.ttc><c:/Windows/Fonts/simsun.ttc><c:/Windows/Fonts/simsun.ttc><c:/Windows/Fonts/simsun.ttc><c:/Windows/Fonts/simsun.ttc><c:/Windows/Fonts/simsun.ttc><c:/Windows/Fonts/simsun.ttc><c:/Windows/Fonts/simsun.ttc><c:/Windows/Fonts/simsun.ttc><c:/Windows/Fonts/simsun.ttc><c:/Windows/Fonts/simsun.ttc><c:/Windows/Fonts/simsun.ttc><c:/Windows/Fonts/simsun.ttc><c:/Windows/Fonts/simsun.ttc><c:/Windows/Fonts/simsun.ttc><c:/Windows/Fonts/simsun.ttc><c:/Windows/Fonts/simsun.ttc><c:/Windows/Fonts/simsun.ttc><c:/Windows/Fonts/simsun.ttc><c:/Windows/Fonts/simsun.ttc><c:/Windows/Fonts/simsun.ttc><c:/Windows/Fonts/simsun.ttc><c:/Windows/Fonts/simsun.ttc><c:/Windows/Fonts/simsun.ttc><c:/Windows/Fonts/simsun.ttc><c:/Windows/Fonts/simsun.ttc><c:/Windows/Fonts/simsun.ttc><c:/Windows/Fonts/simsun.ttc><c:/Windows/Fonts/simsun.ttc><c:/Windows/Fonts/simsun.ttc><c:/Windows/Fonts/simsun.ttc><c:/Windows/Fonts/simsun.ttc><c:/Windows/Fonts/simsun.ttc><c:/Windows/Fonts/simsun.ttc><c:/Windows/Fonts/simsun.ttc><c:/Windows/Fonts/simsun.ttc><c:/Windows/Fonts/simsun.ttc><c:/Windows/Fonts/simsun.ttc><c:/Windows/Fonts/simsun.ttc><c:/Windows/Fonts/simsun.ttc><c:/Windows/Fonts/simsun.ttc><c:/Windows/Fonts/simsun.ttc><c:/Windows/Fonts/simsun.ttc><c:/Windows/Fonts/simsun.ttc><c:/Windows/Fonts/simsun.ttc><c:/Windows/Fonts/simsun.ttc><c:/Windows/Fonts/simsun.ttc><c:/texlive/2024/texmf-dist/fonts/type1/public/amsfonts/cm/cmbx10.pfb><c:/texlive/2024/texmf-dist/fonts/type1/public/amsfonts/cm/cmbx12.pfb><c:/texlive/2024/texmf-dist/fonts/type1/public/amsfonts/cm/cmex10.pfb><c:/texlive/2024/texmf-dist/fonts/type1/public/amsfonts/cmextra/cmex7.pfb><c:/texlive/2024/texmf-dist/fonts/type1/public/amsfonts/cm/cmmi10.pfb><c:/texlive/2024/texmf-dist/fonts/type1/public/amsfonts/cm/cmmi5.pfb><c:/texlive/2024/texmf-dist/fonts/type1/public/amsfonts/cm/cmmi7.pfb><c:/texlive/2024/texmf-dist/fonts/type1/public/amsfonts/cm/cmr10.pfb><c:/texlive/2024/texmf-dist/fonts/type1/public/amsfonts/cm/cmr12.pfb><c:/texlive/2024/texmf-dist/fonts/type1/public/amsfonts/cm/cmr5.pfb><c:/texlive/2024/texmf-dist/fonts/type1/public/amsfonts/cm/cmr7.pfb><c:/texlive/2024/texmf-dist/fonts/type1/public/amsfonts/cm/cmsy10.pfb><c:/texlive/2024/texmf-dist/fonts/type1/public/amsfonts/cm/cmsy7.pfb><c:/texlive/2024/texmf-dist/fonts/type1/public/amsfonts/cm/cmti10.pfb><c:/texlive/2024/texmf-dist/fonts/type1/public/amsfonts/cm/cmtt10.pfb><c:/texlive/2024/texmf-dist/fonts/type1/public/cm-super/sfrm1000.pfb>
Output written on ‰∏≠ÂøÉÊûÅÈôêÂÆöÁêÜ.pdf (13 pages, 837807 bytes).
PDF statistics:
 1240 PDF objects out of 1440 (max. 8388607)
 667 compressed objects within 7 object streams
 68 named destinations out of 1000 (max. 500000)
 538 words of extra memory for PDF output out of 10000 (max. 10000000)

